Latexmk: This is Latexmk, John Collins, 19 Jan. 2017, version: 4.52c.
Rule 'pdflatex': File changes, etc:
   Changed files, or newly in use since previous run(s):
      'Appendix.tex'
------------
Run number 1 of rule 'pdflatex'
------------
------------
Running 'pdflatex  -synctex=1 -file-line-error-style  -interaction=nonstopmode -recorder  "./master.tex"'
------------
Latexmk: applying rule 'pdflatex'...
This is pdfTeX, Version 3.14159265-2.6-1.40.18 (TeX Live 2017) (preloaded format=pdflatex)
 restricted \write18 enabled.
entering extended mode
(./master.tex
LaTeX2e <2017-04-15>
Babel <3.10> and hyphenation patterns for 84 language(s) loaded.
(/usr/local/texlive/2017/texmf-dist/tex/latex/koma-script/scrbook.cls
Document Class: scrbook 2017/04/13 v3.23 KOMA-Script document class (book)
(/usr/local/texlive/2017/texmf-dist/tex/latex/koma-script/scrkbase.sty
(/usr/local/texlive/2017/texmf-dist/tex/latex/koma-script/scrbase.sty
(/usr/local/texlive/2017/texmf-dist/tex/latex/graphics/keyval.sty)
(/usr/local/texlive/2017/texmf-dist/tex/latex/koma-script/scrlfile.sty
Package scrlfile, 2017/04/13 v3.23 KOMA-Script package (loading files)
                  Copyright (C) Markus Kohm

))) (/usr/local/texlive/2017/texmf-dist/tex/latex/koma-script/tocbasic.sty)
(/usr/local/texlive/2017/texmf-dist/tex/latex/koma-script/scrsize10pt.clo)
(/usr/local/texlive/2017/texmf-dist/tex/latex/koma-script/typearea.sty))
(/usr/local/texlive/2017/texmf-dist/tex/latex/subfig/subfig.sty
(/usr/local/texlive/2017/texmf-dist/tex/latex/caption/caption.sty
(/usr/local/texlive/2017/texmf-dist/tex/latex/caption/caption3.sty)))
(/usr/local/texlive/2017/texmf-dist/tex/latex/classicthesis/classicthesis.sty
(/usr/local/texlive/2017/texmf-dist/tex/latex/base/ifthen.sty)
(/usr/local/texlive/2017/texmf-dist/tex/generic/oberdiek/ifpdf.sty)
(/usr/local/texlive/2017/texmf-dist/tex/latex/hyperref/hyperref.sty
(/usr/local/texlive/2017/texmf-dist/tex/generic/oberdiek/hobsub-hyperref.sty
(/usr/local/texlive/2017/texmf-dist/tex/generic/oberdiek/hobsub-generic.sty))
(/usr/local/texlive/2017/texmf-dist/tex/generic/ifxetex/ifxetex.sty)
(/usr/local/texlive/2017/texmf-dist/tex/latex/oberdiek/auxhook.sty)
(/usr/local/texlive/2017/texmf-dist/tex/latex/oberdiek/kvoptions.sty)
(/usr/local/texlive/2017/texmf-dist/tex/latex/hyperref/pd1enc.def)
(/usr/local/texlive/2017/texmf-dist/tex/latex/latexconfig/hyperref.cfg)
(/usr/local/texlive/2017/texmf-dist/tex/latex/url/url.sty))

Package hyperref Message: Driver (autodetected): hpdftex.

(/usr/local/texlive/2017/texmf-dist/tex/latex/hyperref/hpdftex.def
(/usr/local/texlive/2017/texmf-dist/tex/latex/oberdiek/rerunfilecheck.sty))
(/usr/local/texlive/2017/texmf-dist/tex/latex/xcolor/xcolor.sty
(/usr/local/texlive/2017/texmf-dist/tex/latex/graphics-cfg/color.cfg)
(/usr/local/texlive/2017/texmf-dist/tex/latex/graphics-def/pdftex.def)
(/usr/local/texlive/2017/texmf-dist/tex/latex/graphics/dvipsnam.def))
(/usr/local/texlive/2017/texmf-dist/tex/latex/psnfss/mathpazo.sty)
(/usr/local/texlive/2017/texmf-dist/tex/latex/bera/beramono.sty)
(/usr/local/texlive/2017/texmf-dist/tex/latex/microtype/microtype.sty
(/usr/local/texlive/2017/texmf-dist/tex/latex/microtype/microtype-pdftex.def)
(/usr/local/texlive/2017/texmf-dist/tex/latex/microtype/microtype.cfg))

Package typearea Warning: page content and margins higher than paper.
(typearea)                This may result in page footer out of paper.
(typearea)                You should decrease DIV, decrease foot height,
(typearea)                or decreate height of text area.

(/usr/local/texlive/2017/texmf-dist/tex/latex/booktabs/booktabs.sty)
(/usr/local/texlive/2017/texmf-dist/tex/latex/textcase/textcase.sty)
(/usr/local/texlive/2017/texmf-dist/tex/latex/koma-script/scrlayer-scrpage.sty
(/usr/local/texlive/2017/texmf-dist/tex/latex/koma-script/scrlayer.sty))
1: section
1: chapter
1: chapter
1: section

Class scrbook Warning: Usage of package `titlesec' together
(scrbook)              with a KOMA-Script class is not recommended.
(scrbook)              I'd suggest to use the package only
(scrbook)              if you really need it, because it breaks several
(scrbook)              KOMA-Script features, i.e., option `headings' and
(scrbook)              the extended optional argument of the section
(scrbook)              commands.
(scrbook)              Nevertheless, using requested
(scrbook)              package `titlesec' on input line 378.

(/usr/local/texlive/2017/texmf-dist/tex/latex/titlesec/titlesec.sty

Package titlesec Warning: Non standard sectioning command detected
(titlesec)                Using default spacing and no format.


Package titlesec Warning: Non standard sectioning command detected
(titlesec)                Using default spacing and no format.


Package titlesec Warning: Non standard sectioning command detected
(titlesec)                Using default spacing and no format.


Package titlesec Warning: Non standard sectioning command detected
(titlesec)                Using default spacing and no format.


Package titlesec Warning: Non standard sectioning command detected
(titlesec)                Using default spacing and no format.

)

Class scrbook Warning: Activating an ugly workaround for a missing
(scrbook)              feature of package `titlesec` on input line 378.

(/usr/local/texlive/2017/texmf-dist/tex/latex/tocloft/tocloft.sty)
Using KOMA-command "deffootnote" for footnote setup
(/usr/local/texlive/2017/texmf-dist/tex/latex/koma-script/scrtime.sty)
(/usr/local/texlive/2017/texmf-dist/tex/latex/carlisle/remreset.sty))
(/usr/local/texlive/2017/texmf-dist/tex/latex/arsclassica/arsclassica.sty

Package typearea Warning: page content and margins higher than paper.
(typearea)                This may result in page footer out of paper.
(typearea)                You should decrease DIV, decrease foot height,
(typearea)                or decreate height of text area.

(/usr/local/texlive/2017/texmf-dist/tex/latex/titlesec/block.tss)

Package hyperref Warning: Option `hyperfootnotes' has already been used,
(hyperref)                setting the option has no effect on input line 186.


Package hyperref Warning: Option `pdfpagelabels' has already been used,
(hyperref)                setting the option has no effect on input line 186.

) (/usr/local/texlive/2017/texmf-dist/tex/latex/l3packages/xfrac/xfrac.sty
(/usr/local/texlive/2017/texmf-dist/tex/latex/l3kernel/expl3.sty
(/usr/local/texlive/2017/texmf-dist/tex/latex/l3kernel/expl3-code.tex)
(/usr/local/texlive/2017/texmf-dist/tex/latex/l3kernel/l3pdfmode.def))
(/usr/local/texlive/2017/texmf-dist/tex/latex/amsmath/amstext.sty
(/usr/local/texlive/2017/texmf-dist/tex/latex/amsmath/amsgen.sty))
(/usr/local/texlive/2017/texmf-dist/tex/latex/graphics/graphicx.sty
(/usr/local/texlive/2017/texmf-dist/tex/latex/graphics/graphics.sty
(/usr/local/texlive/2017/texmf-dist/tex/latex/graphics/trig.sty)
(/usr/local/texlive/2017/texmf-dist/tex/latex/graphics-cfg/graphics.cfg)))
(/usr/local/texlive/2017/texmf-dist/tex/latex/l3packages/l3keys2e/l3keys2e.sty)
 (/usr/local/texlive/2017/texmf-dist/tex/latex/base/textcomp.sty
(/usr/local/texlive/2017/texmf-dist/tex/latex/base/ts1enc.def))
(/usr/local/texlive/2017/texmf-dist/tex/latex/l3packages/xparse/xparse.sty)
(/usr/local/texlive/2017/texmf-dist/tex/latex/l3packages/xtemplate/xtemplate.st
y)) (/usr/local/texlive/2017/texmf-dist/tex/latex/tools/multicol.sty)
(/usr/local/texlive/2017/texmf-dist/tex/latex/tools/verbatim.sty)
(/usr/local/texlive/2017/texmf-dist/tex/latex/tools/varioref.sty)
(/usr/local/texlive/2017/texmf-dist/tex/latex/pdfpages/pdfpages.sty
(/usr/local/texlive/2017/texmf-dist/tex/latex/tools/calc.sty)
(/usr/local/texlive/2017/texmf-dist/tex/latex/eso-pic/eso-pic.sty)
(/usr/local/texlive/2017/texmf-dist/tex/latex/pdfpages/pppdftex.def))
(/usr/local/texlive/2017/texmf-dist/tex/latex/changepage/chngpage.sty)
(/usr/local/texlive/2017/texmf-dist/tex/latex/amsmath/amsmath.sty
For additional information on amsmath, use the `?' option.
(/usr/local/texlive/2017/texmf-dist/tex/latex/amsmath/amsbsy.sty)
(/usr/local/texlive/2017/texmf-dist/tex/latex/amsmath/amsopn.sty))
(/usr/local/texlive/2017/texmf-dist/tex/latex/amsfonts/amssymb.sty
(/usr/local/texlive/2017/texmf-dist/tex/latex/amsfonts/amsfonts.sty))
(/usr/local/texlive/2017/texmf-dist/tex/latex/amscls/amsthm.sty)
(/usr/local/texlive/2017/texmf-dist/tex/latex/base/latexsym.sty)
(/usr/local/texlive/2017/texmf-dist/tex/latex/harpoon/harpoon.sty)
(/usr/local/texlive/2017/texmf-dist/tex/latex/framed/framed.sty)
(/usr/local/texlive/2017/texmf-dist/tex/latex/base/makeidx.sty)
(/usr/local/texlive/2017/texmf-dist/tex/latex/graphics/rotating.sty)
(/usr/local/texlive/2017/texmf-dist/tex/latex/multirow/multirow.sty)
(/usr/local/texlive/2017/texmf-dist/tex/latex/pgf/basiclayer/pgf.sty
(/usr/local/texlive/2017/texmf-dist/tex/latex/pgf/utilities/pgfrcs.sty
(/usr/local/texlive/2017/texmf-dist/tex/generic/pgf/utilities/pgfutil-common.te
x
(/usr/local/texlive/2017/texmf-dist/tex/generic/pgf/utilities/pgfutil-common-li
sts.tex))
(/usr/local/texlive/2017/texmf-dist/tex/generic/pgf/utilities/pgfutil-latex.def
(/usr/local/texlive/2017/texmf-dist/tex/latex/ms/everyshi.sty))
(/usr/local/texlive/2017/texmf-dist/tex/generic/pgf/utilities/pgfrcs.code.tex))
(/usr/local/texlive/2017/texmf-dist/tex/latex/pgf/basiclayer/pgfcore.sty
(/usr/local/texlive/2017/texmf-dist/tex/latex/pgf/systemlayer/pgfsys.sty
(/usr/local/texlive/2017/texmf-dist/tex/generic/pgf/systemlayer/pgfsys.code.tex
(/usr/local/texlive/2017/texmf-dist/tex/generic/pgf/utilities/pgfkeys.code.tex
(/usr/local/texlive/2017/texmf-dist/tex/generic/pgf/utilities/pgfkeysfiltered.c
ode.tex))
(/usr/local/texlive/2017/texmf-dist/tex/generic/pgf/systemlayer/pgf.cfg)
(/usr/local/texlive/2017/texmf-dist/tex/generic/pgf/systemlayer/pgfsys-pdftex.d
ef
(/usr/local/texlive/2017/texmf-dist/tex/generic/pgf/systemlayer/pgfsys-common-p
df.def)))
(/usr/local/texlive/2017/texmf-dist/tex/generic/pgf/systemlayer/pgfsyssoftpath.
code.tex)
(/usr/local/texlive/2017/texmf-dist/tex/generic/pgf/systemlayer/pgfsysprotocol.
code.tex))
(/usr/local/texlive/2017/texmf-dist/tex/generic/pgf/basiclayer/pgfcore.code.tex
(/usr/local/texlive/2017/texmf-dist/tex/generic/pgf/math/pgfmath.code.tex
(/usr/local/texlive/2017/texmf-dist/tex/generic/pgf/math/pgfmathcalc.code.tex
(/usr/local/texlive/2017/texmf-dist/tex/generic/pgf/math/pgfmathutil.code.tex)
(/usr/local/texlive/2017/texmf-dist/tex/generic/pgf/math/pgfmathparser.code.tex
)
(/usr/local/texlive/2017/texmf-dist/tex/generic/pgf/math/pgfmathfunctions.code.
tex
(/usr/local/texlive/2017/texmf-dist/tex/generic/pgf/math/pgfmathfunctions.basic
.code.tex)
(/usr/local/texlive/2017/texmf-dist/tex/generic/pgf/math/pgfmathfunctions.trigo
nometric.code.tex)
(/usr/local/texlive/2017/texmf-dist/tex/generic/pgf/math/pgfmathfunctions.rando
m.code.tex)
(/usr/local/texlive/2017/texmf-dist/tex/generic/pgf/math/pgfmathfunctions.compa
rison.code.tex)
(/usr/local/texlive/2017/texmf-dist/tex/generic/pgf/math/pgfmathfunctions.base.
code.tex)
(/usr/local/texlive/2017/texmf-dist/tex/generic/pgf/math/pgfmathfunctions.round
.code.tex)
(/usr/local/texlive/2017/texmf-dist/tex/generic/pgf/math/pgfmathfunctions.misc.
code.tex)
(/usr/local/texlive/2017/texmf-dist/tex/generic/pgf/math/pgfmathfunctions.integ
erarithmetics.code.tex)))
(/usr/local/texlive/2017/texmf-dist/tex/generic/pgf/math/pgfmathfloat.code.tex)
)
(/usr/local/texlive/2017/texmf-dist/tex/generic/pgf/basiclayer/pgfcorepoints.co
de.tex)
(/usr/local/texlive/2017/texmf-dist/tex/generic/pgf/basiclayer/pgfcorepathconst
ruct.code.tex)
(/usr/local/texlive/2017/texmf-dist/tex/generic/pgf/basiclayer/pgfcorepathusage
.code.tex)
(/usr/local/texlive/2017/texmf-dist/tex/generic/pgf/basiclayer/pgfcorescopes.co
de.tex)
(/usr/local/texlive/2017/texmf-dist/tex/generic/pgf/basiclayer/pgfcoregraphicst
ate.code.tex)
(/usr/local/texlive/2017/texmf-dist/tex/generic/pgf/basiclayer/pgfcoretransform
ations.code.tex)
(/usr/local/texlive/2017/texmf-dist/tex/generic/pgf/basiclayer/pgfcorequick.cod
e.tex)
(/usr/local/texlive/2017/texmf-dist/tex/generic/pgf/basiclayer/pgfcoreobjects.c
ode.tex)
(/usr/local/texlive/2017/texmf-dist/tex/generic/pgf/basiclayer/pgfcorepathproce
ssing.code.tex)
(/usr/local/texlive/2017/texmf-dist/tex/generic/pgf/basiclayer/pgfcorearrows.co
de.tex)
(/usr/local/texlive/2017/texmf-dist/tex/generic/pgf/basiclayer/pgfcoreshade.cod
e.tex)
(/usr/local/texlive/2017/texmf-dist/tex/generic/pgf/basiclayer/pgfcoreimage.cod
e.tex
(/usr/local/texlive/2017/texmf-dist/tex/generic/pgf/basiclayer/pgfcoreexternal.
code.tex))
(/usr/local/texlive/2017/texmf-dist/tex/generic/pgf/basiclayer/pgfcorelayers.co
de.tex)
(/usr/local/texlive/2017/texmf-dist/tex/generic/pgf/basiclayer/pgfcoretranspare
ncy.code.tex)
(/usr/local/texlive/2017/texmf-dist/tex/generic/pgf/basiclayer/pgfcorepatterns.
code.tex)))
(/usr/local/texlive/2017/texmf-dist/tex/generic/pgf/modules/pgfmoduleshapes.cod
e.tex)
(/usr/local/texlive/2017/texmf-dist/tex/generic/pgf/modules/pgfmoduleplot.code.
tex)
(/usr/local/texlive/2017/texmf-dist/tex/latex/pgf/compatibility/pgfcomp-version
-0-65.sty)
(/usr/local/texlive/2017/texmf-dist/tex/latex/pgf/compatibility/pgfcomp-version
-1-18.sty))
(/usr/local/texlive/2017/texmf-dist/tex/latex/pgf/frontendlayer/tikz.sty
(/usr/local/texlive/2017/texmf-dist/tex/latex/pgf/utilities/pgffor.sty
(/usr/local/texlive/2017/texmf-dist/tex/latex/pgf/utilities/pgfkeys.sty
(/usr/local/texlive/2017/texmf-dist/tex/generic/pgf/utilities/pgfkeys.code.tex)
) (/usr/local/texlive/2017/texmf-dist/tex/latex/pgf/math/pgfmath.sty
(/usr/local/texlive/2017/texmf-dist/tex/generic/pgf/math/pgfmath.code.tex))
(/usr/local/texlive/2017/texmf-dist/tex/generic/pgf/utilities/pgffor.code.tex
(/usr/local/texlive/2017/texmf-dist/tex/generic/pgf/math/pgfmath.code.tex)))
(/usr/local/texlive/2017/texmf-dist/tex/generic/pgf/frontendlayer/tikz/tikz.cod
e.tex
(/usr/local/texlive/2017/texmf-dist/tex/generic/pgf/libraries/pgflibraryplothan
dlers.code.tex)
(/usr/local/texlive/2017/texmf-dist/tex/generic/pgf/modules/pgfmodulematrix.cod
e.tex)
(/usr/local/texlive/2017/texmf-dist/tex/generic/pgf/frontendlayer/tikz/librarie
s/tikzlibrarytopaths.code.tex)))
(/usr/local/texlive/2017/texmf-dist/tex/generic/pgf/frontendlayer/tikz/librarie
s/tikzlibrarypositioning.code.tex)
(/usr/local/texlive/2017/texmf-dist/tex/generic/pgf/frontendlayer/tikz/librarie
s/tikzlibraryshadows.code.tex
(/usr/local/texlive/2017/texmf-dist/tex/generic/pgf/frontendlayer/tikz/librarie
s/tikzlibraryfadings.code.tex
(/usr/local/texlive/2017/texmf-dist/tex/generic/pgf/libraries/pgflibraryfadings
.code.tex)))
(/usr/local/texlive/2017/texmf-dist/tex/generic/pgf/frontendlayer/tikz/librarie
s/tikzlibrarybackgrounds.code.tex)
(/usr/local/texlive/2017/texmf-dist/tex/generic/pgf/frontendlayer/tikz/librarie
s/tikzlibraryarrows.code.tex
(/usr/local/texlive/2017/texmf-dist/tex/generic/pgf/libraries/pgflibraryarrows.
code.tex))
(/usr/local/texlive/2017/texmf-dist/tex/generic/pgf/frontendlayer/tikz/librarie
s/tikzlibrarydecorations.markings.code.tex
(/usr/local/texlive/2017/texmf-dist/tex/generic/pgf/frontendlayer/tikz/librarie
s/tikzlibrarydecorations.code.tex
(/usr/local/texlive/2017/texmf-dist/tex/generic/pgf/modules/pgfmoduledecoration
s.code.tex))
(/usr/local/texlive/2017/texmf-dist/tex/generic/pgf/libraries/decorations/pgfli
brarydecorations.markings.code.tex))
(/usr/local/texlive/2017/texmf-dist/tex/latex/enumitem/enumitem.sty)
(/usr/local/texlive/2017/texmf-dist/tex/latex/mdframed/mdframed.sty
(/usr/local/texlive/2017/texmf-dist/tex/latex/etoolbox/etoolbox.sty)
(/usr/local/texlive/2017/texmf-dist/tex/latex/oberdiek/zref-abspage.sty
(/usr/local/texlive/2017/texmf-dist/tex/latex/oberdiek/zref-base.sty))
(/usr/local/texlive/2017/texmf-dist/tex/latex/needspace/needspace.sty)
(/usr/local/texlive/2017/texmf-dist/tex/latex/mdframed/md-frame-1.mdf))
(/usr/local/texlive/2017/texmf-dist/tex/latex/colortbl/colortbl.sty
(/usr/local/texlive/2017/texmf-dist/tex/latex/tools/array.sty))
(/usr/local/texlive/2017/texmf-dist/tex/latex/mathtools/mathtools.sty
(/usr/local/texlive/2017/texmf-dist/tex/latex/mathtools/mhsetup.sty))
1: section
1: chapter
1: chapter
1: section
(./Mydefs.tex)
Writing index file master.idx
(./master.aux) (/usr/local/texlive/2017/texmf-dist/tex/latex/base/ts1cmr.fd)
(/usr/local/texlive/2017/texmf-dist/tex/latex/psnfss/ot1pplj.fd)
(/usr/local/texlive/2017/texmf-dist/tex/latex/hyperref/nameref.sty
(/usr/local/texlive/2017/texmf-dist/tex/generic/oberdiek/gettitlestring.sty))
(./master.out) (./master.out)
(/usr/local/texlive/2017/texmf-dist/tex/context/base/mkii/supp-pdf.mkii
[Loading MPS to PDF converter (version 2006.09.02).]
) (/usr/local/texlive/2017/texmf-dist/tex/latex/oberdiek/epstopdf-base.sty
(/usr/local/texlive/2017/texmf-dist/tex/latex/oberdiek/grfext.sty)
(/usr/local/texlive/2017/texmf-dist/tex/latex/latexconfig/epstopdf-sys.cfg))
(/usr/local/texlive/2017/texmf-dist/tex/latex/microtype/mt-ppl.cfg)
(/usr/local/texlive/2017/texmf-dist/tex/latex/oberdiek/pdflscape.sty
(/usr/local/texlive/2017/texmf-dist/tex/latex/graphics/lscape.sty))
ABD: EveryShipout initializing macros (./TitlePage.tex
(/usr/local/texlive/2017/texmf-dist/tex/latex/iwona/ot1iwona.fd)
<crest.png, id=296, 1079.03125pt x 584.1825pt> <use crest.png> [1{/usr/local/te
xlive/2017/texmf-var/fonts/map/pdftex/updmap/pdftex.map} <./crest.png>])
[2] (./master.toc
(/usr/local/texlive/2017/texmf-dist/tex/latex/psnfss/ot1pplx.fd)
(/usr/local/texlive/2017/texmf-dist/tex/latex/psnfss/omlzplm.fd)
(/usr/local/texlive/2017/texmf-dist/tex/latex/psnfss/omszplm.fd)
(/usr/local/texlive/2017/texmf-dist/tex/latex/psnfss/omxzplm.fd)
(/usr/local/texlive/2017/texmf-dist/tex/latex/psnfss/ot1zplm.fd)
(/usr/local/texlive/2017/texmf-dist/tex/latex/microtype/mt-msa.cfg)
(/usr/local/texlive/2017/texmf-dist/tex/latex/microtype/mt-msb.cfg)
(/usr/local/texlive/2017/texmf-dist/tex/latex/base/ulasy.fd) [3]) [4]
(./Chapters/Intro/Chap00.tex
chapter 1.
[1] [2]
Overfull \hbox (55.1348pt too wide) in paragraph at lines 134--157
[] 
[3] [4] [5]
Overfull \hbox (6.83478pt too wide) in paragraph at lines 304--305
[]\OT1/pplj/m/n/10 GPAs recorded on the tran-script in-clude only course-work c
om-pleted at In-dian Springs.
[6]) (./Chapters/Arts/Chap01.tex [7] [8]
chapter 2.
) (./Chapters/Arts/Sect1.tex
Overfull \hbox (0.3748pt too wide) in paragraph at lines 23--24
[]\OT1/pplj/m/n/10 Self re-flect/empathize/identify with or draw per-sonal con-
trast with his-tor-i-cal voices,
) (./Chapters/Arts/Sect2.tex [9]
Underfull \hbox (badness 10000) in paragraph at lines 8--9


Underfull \hbox (badness 10000) in paragraph at lines 14--15


Underfull \hbox (badness 10000) in paragraph at lines 26--27


Underfull \hbox (badness 10000) in paragraph at lines 32--33


Underfull \hbox (badness 10000) in paragraph at lines 38--39


Underfull \hbox (badness 10000) in paragraph at lines 44--45

[10]
Underfull \hbox (badness 10000) in paragraph at lines 50--51


Underfull \hbox (badness 10000) in paragraph at lines 56--57


Underfull \hbox (badness 10000) in paragraph at lines 62--63


Underfull \hbox (badness 10000) in paragraph at lines 68--69


Underfull \hbox (badness 10000) in paragraph at lines 74--75


Underfull \hbox (badness 10000) in paragraph at lines 80--81


Underfull \hbox (badness 10000) in paragraph at lines 86--87

[11]
Underfull \hbox (badness 10000) in paragraph at lines 92--93


Underfull \hbox (badness 10000) in paragraph at lines 98--99


Underfull \hbox (badness 10000) in paragraph at lines 104--105


Underfull \hbox (badness 10000) in paragraph at lines 110--111


Underfull \hbox (badness 10000) in paragraph at lines 116--117


Underfull \hbox (badness 10000) in paragraph at lines 122--123

[12]
Underfull \hbox (badness 10000) in paragraph at lines 131--132


Underfull \hbox (badness 10000) in paragraph at lines 142--143


Underfull \hbox (badness 10000) in paragraph at lines 148--149


Underfull \hbox (badness 10000) in paragraph at lines 154--155


Underfull \hbox (badness 10000) in paragraph at lines 160--161

[13]) (./Chapters/CS/Chap02.tex [14]
chapter 3.
) (./Chapters/CS/Sect1.tex
Overfull \hbox (0.65479pt too wide) in paragraph at lines 6--8
[]\OT1/pplj/m/n/10 Learn that so-lu-tions to prob-lems, ei-ther en-gi-neer-ing 
or pro-gram-ming, are best solved
[15]) (./Chapters/CS/Sect2.tex
Underfull \hbox (badness 10000) in paragraph at lines 8--9


Underfull \hbox (badness 10000) in paragraph at lines 14--15


Underfull \hbox (badness 10000) in paragraph at lines 20--21


Underfull \hbox (badness 10000) in paragraph at lines 26--27


Underfull \hbox (badness 10000) in paragraph at lines 32--33

[16]) (./Chapters/English/Chap03.tex [17] [18]
chapter 4.
) (./Chapters/English/Sect1.tex) (./Chapters/English/Sect2.tex [19]
Underfull \hbox (badness 10000) in paragraph at lines 8--9


Underfull \hbox (badness 10000) in paragraph at lines 14--15


Underfull \hbox (badness 10000) in paragraph at lines 20--21


Underfull \hbox (badness 10000) in paragraph at lines 26--27


Underfull \hbox (badness 10000) in paragraph at lines 32--33

[20]
Underfull \hbox (badness 10000) in paragraph at lines 38--39


Underfull \hbox (badness 10000) in paragraph at lines 44--45


Underfull \hbox (badness 10000) in paragraph at lines 50--51


Underfull \hbox (badness 10000) in paragraph at lines 56--57


Underfull \hbox (badness 10000) in paragraph at lines 62--63

[21]
Underfull \hbox (badness 10000) in paragraph at lines 68--69


Underfull \hbox (badness 10000) in paragraph at lines 80--81


Underfull \hbox (badness 10000) in paragraph at lines 86--87


Underfull \hbox (badness 10000) in paragraph at lines 92--93


Underfull \hbox (badness 10000) in paragraph at lines 98--99


Underfull \hbox (badness 10000) in paragraph at lines 116--117

[22]
Underfull \hbox (badness 10000) in paragraph at lines 122--123

) (./Chapters/History/Chap04.tex [23] [24]
chapter 5.
) (./Chapters/History/Sect1.tex
Overfull \hbox (3.35484pt too wide) in paragraph at lines 13--14
[]\OT1/pplj/m/n/10 Theorize and prac-tice the fun-da-men-tals of in-di-vid-ual 
and group self-governance 
[25]) (./Chapters/History/Sect2.tex
Underfull \hbox (badness 10000) in paragraph at lines 8--9


Underfull \hbox (badness 10000) in paragraph at lines 14--15


Underfull \hbox (badness 10000) in paragraph at lines 20--21

[26]
Underfull \hbox (badness 10000) in paragraph at lines 26--27


Underfull \hbox (badness 10000) in paragraph at lines 32--33


Underfull \hbox (badness 10000) in paragraph at lines 50--51


Underfull \hbox (badness 10000) in paragraph at lines 56--57


Underfull \hbox (badness 10000) in paragraph at lines 62--63


Underfull \hbox (badness 10000) in paragraph at lines 68--69

[27]
Underfull \hbox (badness 10000) in paragraph at lines 74--75


Underfull \hbox (badness 10000) in paragraph at lines 80--81


Underfull \hbox (badness 10000) in paragraph at lines 86--87


Underfull \hbox (badness 10000) in paragraph at lines 92--93


Underfull \hbox (badness 10000) in paragraph at lines 98--99

[28]
Underfull \hbox (badness 10000) in paragraph at lines 104--105

[29]) (./Chapters/Languages/Chap05.tex [30]
chapter 6.
) (./Chapters/Languages/Sect1.tex) (./Chapters/Languages/Sect2.tex
Underfull \hbox (badness 10000) in paragraph at lines 8--9

[31]
Underfull \hbox (badness 10000) in paragraph at lines 14--15


Underfull \hbox (badness 10000) in paragraph at lines 20--21

./Chapters/Languages/Sect2.tex:26: Misplaced alignment tab character &.
<argument> ... Routine, Household Chores, School &
                                                   Class Schedules, Career, ...
l.26 ...   (Intermediate Low - Intermediate High)}
                                                  \\

Underfull \hbox (badness 10000) in paragraph at lines 26--27


Underfull \hbox (badness 10000) in paragraph at lines 34--35


Underfull \hbox (badness 10000) in paragraph at lines 42--43

[32]
Underfull \hbox (badness 10000) in paragraph at lines 48--49


Underfull \hbox (badness 10000) in paragraph at lines 54--55


Underfull \hbox (badness 10000) in paragraph at lines 60--61


Underfull \hbox (badness 10000) in paragraph at lines 66--67


Underfull \hbox (badness 10000) in paragraph at lines 72--73


Underfull \hbox (badness 10000) in paragraph at lines 78--79

[33]
Underfull \hbox (badness 10000) in paragraph at lines 84--85


Underfull \hbox (badness 10000) in paragraph at lines 90--91


Underfull \hbox (badness 10000) in paragraph at lines 96--97


Underfull \hbox (badness 10000) in paragraph at lines 102--103


Underfull \hbox (badness 10000) in paragraph at lines 108--109


Underfull \hbox (badness 10000) in paragraph at lines 114--115


Underfull \hbox (badness 10000) in paragraph at lines 120--121

[34]
Underfull \hbox (badness 10000) in paragraph at lines 126--127


Underfull \hbox (badness 10000) in paragraph at lines 132--133

) (./Chapters/Math/Chap06.tex [35] [36]
chapter 7.
) (./Chapters/Math/Sect1.tex
Overfull \hbox (1.71478pt too wide) in paragraph at lines 14--15
[]\OT1/pplj/m/n/10 Guide per-sonal de-ci-sions by spec-i-fy-ing assumptions/non
-negotiables and then make
) (./Chapters/Math/VerticalAlignment.tex

pdfTeX warning: pdflatex (file ./prereq.pdf): PDF inclusion: found PDF version 
<1.7>, but at most version <1.5> allowed
<prereq.pdf, id=593, 704.6325pt x 280.04625pt> <use prereq.pdf>
Overfull \hbox (17.33069pt too wide) in paragraph at lines 2--3
[] 
) (./Chapters/Math/Sect2.tex [37]
Underfull \hbox (badness 10000) in paragraph at lines 8--9


Underfull \hbox (badness 10000) in paragraph at lines 14--15


Underfull \hbox (badness 10000) in paragraph at lines 20--21

[38 <./prereq.pdf>]
Underfull \hbox (badness 10000) in paragraph at lines 26--27


Underfull \hbox (badness 10000) in paragraph at lines 32--33


Underfull \hbox (badness 10000) in paragraph at lines 38--39


Underfull \hbox (badness 10000) in paragraph at lines 44--45


Underfull \hbox (badness 10000) in paragraph at lines 50--51

[39]
Underfull \hbox (badness 10000) in paragraph at lines 56--57


Underfull \hbox (badness 10000) in paragraph at lines 62--63


Underfull \hbox (badness 10000) in paragraph at lines 68--69


Underfull \hbox (badness 10000) in paragraph at lines 74--75

[40]
Underfull \hbox (badness 10000) in paragraph at lines 80--81


Underfull \hbox (badness 10000) in paragraph at lines 86--87


Underfull \hbox (badness 10000) in paragraph at lines 92--93


Underfull \hbox (badness 10000) in paragraph at lines 98--99

[41]) (./Chapters/PE/Chap07.tex [42]
chapter 8.
) (./Chapters/PE/Sect1.tex) (./Chapters/PE/Sect2.tex
Underfull \hbox (badness 10000) in paragraph at lines 8--9


Underfull \hbox (badness 10000) in paragraph at lines 14--15


Underfull \hbox (badness 10000) in paragraph at lines 20--21


Underfull \hbox (badness 10000) in paragraph at lines 26--27


Underfull \hbox (badness 10000) in paragraph at lines 32--33

[43]
Underfull \hbox (badness 10000) in paragraph at lines 38--39


Underfull \hbox (badness 10000) in paragraph at lines 44--45


Underfull \hbox (badness 10000) in paragraph at lines 50--51

) (./Chapters/Science/Chap08.tex [44]
chapter 9.
) (./Chapters/Science/Sect1.tex) (./Chapters/Science/Sect2.tex [45]
Underfull \hbox (badness 10000) in paragraph at lines 8--9


Underfull \hbox (badness 10000) in paragraph at lines 14--15


Underfull \hbox (badness 10000) in paragraph at lines 20--21


Underfull \hbox (badness 10000) in paragraph at lines 32--33


Underfull \hbox (badness 10000) in paragraph at lines 41--42


Underfull \hbox (badness 10000) in paragraph at lines 47--48

[46]
Underfull \hbox (badness 10000) in paragraph at lines 53--54


Underfull \hbox (badness 10000) in paragraph at lines 59--60


Underfull \hbox (badness 10000) in paragraph at lines 65--66


Underfull \hbox (badness 10000) in paragraph at lines 71--72


Underfull \hbox (badness 10000) in paragraph at lines 83--84

[47]
Underfull \hbox (badness 10000) in paragraph at lines 89--90


Underfull \hbox (badness 10000) in paragraph at lines 101--102


Underfull \hbox (badness 10000) in paragraph at lines 113--114


Underfull \hbox (badness 10000) in paragraph at lines 131--132


Underfull \hbox (badness 10000) in paragraph at lines 137--138


Underfull \hbox (badness 10000) in paragraph at lines 143--144


Underfull \hbox (badness 10000) in paragraph at lines 149--150

[48]
Underfull \hbox (badness 10000) in paragraph at lines 155--156

) (./Chapters/Ind/Chap09.tex [49] [50]
chapter 10.
) (./Chapters/Ind/Sect2.tex [51]) (./Chapters/Ind/Sect3.tex [52]
Underfull \hbox (badness 10000) in paragraph at lines 90--91

[53]
Underfull \hbox (badness 10000) in paragraph at lines 92--98


Underfull \hbox (badness 10000) in paragraph at lines 100--101


Underfull \hbox (badness 10000) in paragraph at lines 102--107


Underfull \hbox (badness 10000) in paragraph at lines 110--111

) (./Chapters/MSON/Chap10.tex [54]
chapter 11.
) (./Chapters/MSON/Sect2.tex
Overfull \hbox (2.40411pt too wide) in paragraph at lines 22--23
[]\OT1/pplj/m/n/10 Per MSON pol-icy, their courses must be pri-or-i-tized over 
all other courses/obligations.
) (./Appendix.tex [55] [56]
chapter 12.
[57] [58] [59]
Underfull \hbox (badness 10000) in paragraph at lines 250--251


Underfull \hbox (badness 10000) in paragraph at lines 277--290

[60] [61]
Underfull \hbox (badness 10000) in paragraph at lines 388--401


Underfull \hbox (badness 10000) in paragraph at lines 425--426


Underfull \hbox (badness 10000) in paragraph at lines 427--428


Underfull \hbox (badness 10000) in paragraph at lines 430--434


Underfull \hbox (badness 10000) in paragraph at lines 444--445


Underfull \hbox (badness 10000) in paragraph at lines 447--452

[62]
Underfull \hbox (badness 10000) in paragraph at lines 484--491

[63]
Overfull \hbox (2.40411pt too wide) in paragraph at lines 512--513
[]\OT1/pplj/m/n/10 Per MSON pol-icy, their courses must be pri-or-i-tized over 
all other courses/obligations.
[64] [65] <onepage2324.pdf, id=838, 614.295pt x 794.97pt>
<use onepage2324.pdf>
Overfull \hbox (70.91077pt too wide) in paragraph at lines 674--677
[][]  [] 

Overfull \vbox (61.90141pt too high) has occurred while \output is active
[66 <./onepage2324.pdf>]) (./master.ind) (./master.aux) )
(see the transcript file for additional information)pdfTeX warning (dest): name
{Hfootnote.14} has been referenced but does not exist, replaced by a fixed one

pdfTeX warning (dest): name{Hfootnote.13} has been referenced but does not exis
t, replaced by a fixed one

{/usr/local/texlive/2017/texmf-dist/fonts/enc/dvips/iwona/rm-iwona.enc}{/usr/lo
cal/texlive/2017/texmf-dist/fonts/enc/dvips/iwona/rm-iwona-sc.enc}{/usr/local/t
exlive/2017/texmf-dist/fonts/enc/dvips/base/8r.enc}</usr/local/texlive/2017/tex
mf-dist/fonts/type1/public/amsfonts/cm/cmex10.pfb></usr/local/texlive/2017/texm
f-dist/fonts/type1/public/amsfonts/cm/cmmi10.pfb></usr/local/texlive/2017/texmf
-dist/fonts/type1/public/amsfonts/cm/cmr10.pfb></usr/local/texlive/2017/texmf-d
ist/fonts/type1/public/amsfonts/cm/cmsy10.pfb></usr/local/texlive/2017/texmf-di
st/fonts/type1/public/amsfonts/euler/eurb10.pfb></usr/local/texlive/2017/texmf-
dist/fonts/type1/public/fpl/fplbj8a.pfb></usr/local/texlive/2017/texmf-dist/fon
ts/type1/public/mathpazo/fplmr.pfb></usr/local/texlive/2017/texmf-dist/fonts/ty
pe1/public/fpl/fplrc8a.pfb></usr/local/texlive/2017/texmf-dist/fonts/type1/publ
ic/fpl/fplrij8a.pfb></usr/local/texlive/2017/texmf-dist/fonts/type1/nowacki/iwo
na/iwonab.pfb></usr/local/texlive/2017/texmf-dist/fonts/type1/nowacki/iwona/iwo
nar.pfb></usr/local/texlive/2017/texmf-dist/fonts/type1/urw/palatino/uplb8a.pfb
></usr/local/texlive/2017/texmf-dist/fonts/type1/urw/palatino/uplr8a.pfb></usr/
local/texlive/2017/texmf-dist/fonts/type1/urw/palatino/uplri8a.pfb>
Output written on master.pdf (70 pages, 482564 bytes).
SyncTeX written on master.synctex.gz.
Transcript written on master.log.
Latexmk: Index file 'master.idx' was written
Latexmk: Log file says output to 'master.pdf'
Collected error summary (may duplicate other messages):
  pdflatex: Command for 'pdflatex' gave return code 1
      Refer to 'master.log' for details
Latexmk: Use the -f option to force complete processing,
 unless error was exceeding maximum runs of latex/pdflatex.
=== TeX engine is 'pdfTeX'
Latexmk: Errors, so I did not complete making targets
