\BOOKMARK [0][]{Titlepage.0}{Titlepage}{}% 2
\BOOKMARK [0][]{chapter.1}{1 General}{}% 3
\BOOKMARK [1][-]{section.1.1}{1.1 Administration}{chapter.1}% 4
\BOOKMARK [1][-]{section.1.2}{1.2 Departments}{chapter.1}% 5
\BOOKMARK [1][-]{section.1.3}{1.3 Committees with Academic Responsibilities}{chapter.1}% 6
\BOOKMARK [1][-]{section.1.4}{1.4 Faculty}{chapter.1}% 7
\BOOKMARK [1][-]{section.1.5}{1.5 Graduation Requirements}{chapter.1}% 8
\BOOKMARK [1][-]{section.1.6}{1.6 Course Enrollment Requirements}{chapter.1}% 9
\BOOKMARK [1][-]{section.1.7}{1.7 Grading Scale and GPA}{chapter.1}% 10
\BOOKMARK [1][-]{section.1.8}{1.8 Academic Policies}{chapter.1}% 11
\BOOKMARK [0][]{chapter.2}{2 Arts}{}% 12
\BOOKMARK [1][-]{section.2.1}{2.1 Portrait of a Graduate}{chapter.2}% 13
\BOOKMARK [1][-]{section.2.2}{2.2 Course Descriptions}{chapter.2}% 14
\BOOKMARK [2][-]{subsection.2.2.1}{2.2.1 Current Courses}{section.2.2}% 15
\BOOKMARK [2][-]{subsection.2.2.2}{2.2.2 Past Courses}{section.2.2}% 16
\BOOKMARK [0][]{chapter.3}{3 Computer Science \046 Engineering}{}% 17
\BOOKMARK [1][-]{section.3.1}{3.1 Portrait of a Graduate}{chapter.3}% 18
\BOOKMARK [1][-]{section.3.2}{3.2 Course Descriptions}{chapter.3}% 19
\BOOKMARK [2][-]{subsection.3.2.1}{3.2.1 Current Courses}{section.3.2}% 20
\BOOKMARK [2][-]{subsection.3.2.2}{3.2.2 Past Courses}{section.3.2}% 21
\BOOKMARK [0][]{chapter.4}{4 English}{}% 22
\BOOKMARK [1][-]{section.4.1}{4.1 Portrait of a Graduate}{chapter.4}% 23
\BOOKMARK [1][-]{section.4.2}{4.2 Course Descriptions}{chapter.4}% 24
\BOOKMARK [2][-]{subsection.4.2.1}{4.2.1 Current Courses}{section.4.2}% 25
\BOOKMARK [2][-]{subsection.4.2.2}{4.2.2 Past Courses}{section.4.2}% 26
\BOOKMARK [0][]{chapter.5}{5 History}{}% 27
\BOOKMARK [1][-]{section.5.1}{5.1 Portrait of a Graduate}{chapter.5}% 28
\BOOKMARK [1][-]{section.5.2}{5.2 Course Descriptions}{chapter.5}% 29
\BOOKMARK [2][-]{subsection.5.2.1}{5.2.1 Current Courses}{section.5.2}% 30
\BOOKMARK [2][-]{subsection.5.2.2}{5.2.2 Past Courses}{section.5.2}% 31
\BOOKMARK [0][]{chapter.6}{6 Languages}{}% 32
\BOOKMARK [1][-]{section.6.1}{6.1 Portrait of a Graduate}{chapter.6}% 33
\BOOKMARK [1][-]{section.6.2}{6.2 Course Descriptions}{chapter.6}% 34
\BOOKMARK [2][-]{subsection.6.2.1}{6.2.1 Current Courses}{section.6.2}% 35
\BOOKMARK [2][-]{subsection.6.2.2}{6.2.2 Past Courses}{section.6.2}% 36
\BOOKMARK [0][]{chapter.7}{7 Mathematics}{}% 37
\BOOKMARK [1][-]{section.7.1}{7.1 Portrait of a Graduate}{chapter.7}% 38
\BOOKMARK [1][-]{section.7.2}{7.2 Math Prerequisites Flowchart}{chapter.7}% 39
\BOOKMARK [1][-]{section.7.3}{7.3 Course Descriptions}{chapter.7}% 40
\BOOKMARK [2][-]{subsection.7.3.1}{7.3.1 Current Courses}{section.7.3}% 41
\BOOKMARK [0][]{chapter.8}{8 Physical Education}{}% 42
\BOOKMARK [1][-]{section.8.1}{8.1 Course Descriptions}{chapter.8}% 43
\BOOKMARK [2][-]{subsection.8.1.1}{8.1.1 Current Courses}{section.8.1}% 44
\BOOKMARK [0][]{chapter.9}{9 Science}{}% 45
\BOOKMARK [1][-]{section.9.1}{9.1 Portrait of a Graduate}{chapter.9}% 46
\BOOKMARK [1][-]{section.9.2}{9.2 Course Descriptions}{chapter.9}% 47
\BOOKMARK [2][-]{subsection.9.2.1}{9.2.1 Current Courses}{section.9.2}% 48
\BOOKMARK [2][-]{subsection.9.2.2}{9.2.2 Past Courses}{section.9.2}% 49
\BOOKMARK [0][]{chapter.10}{10 Individualized Learning}{}% 50
\BOOKMARK [1][-]{section.10.1}{10.1 A Sample of Past Independent Studies}{chapter.10}% 51
\BOOKMARK [1][-]{section.10.2}{10.2 The Capstone Program}{chapter.10}% 52
\BOOKMARK [2][-]{subsection.10.2.1}{10.2.1 General Description}{section.10.2}% 53
\BOOKMARK [2][-]{subsection.10.2.2}{10.2.2 Capstone Proposal Procedure}{section.10.2}% 54
\BOOKMARK [2][-]{subsection.10.2.3}{10.2.3 Capstone Plan Requirements}{section.10.2}% 55
\BOOKMARK [2][-]{subsection.10.2.4}{10.2.4 Capstone Timeline}{section.10.2}% 56
\BOOKMARK [0][]{chapter.11}{11 Malone Schools Online Network}{}% 57
\BOOKMARK [1][-]{section.11.1}{11.1 The Program}{chapter.11}% 58
\BOOKMARK [0][]{chapter.12}{12 Appendix}{}% 59
\BOOKMARK [1][-]{section.12.1}{12.1 Forms}{chapter.12}% 60
\BOOKMARK [2][-]{subsection.12.1.1}{12.1.1 Academic Overload Form}{section.12.1}% 61
\BOOKMARK [2][-]{subsection.12.1.2}{12.1.2 Departmental Overload Form}{section.12.1}% 62
\BOOKMARK [2][-]{subsection.12.1.3}{12.1.3 AP Exam Request Form}{section.12.1}% 63
\BOOKMARK [2][-]{subsection.12.1.4}{12.1.4 Independent Study Form}{section.12.1}% 64
\BOOKMARK [2][-]{subsection.12.1.5}{12.1.5 12th Grade Minimum Enrollment Request Form}{section.12.1}% 65
\BOOKMARK [2][-]{subsection.12.1.6}{12.1.6 MSON Enrollment Form}{section.12.1}% 66
\BOOKMARK [1][-]{section.12.2}{12.2 Sample Academic Paths}{chapter.12}% 67
